<?xml version="1.0" encoding="UTF-8"?>
<!-- Generated by org.testng.reporters.JUnitReportReporter -->
<testsuite ignored="0" hostname="Sebas" failures="0" tests="1" name="loginTests.TC_02_loginError" time="0.210" errors="0" timestamp="15 feb. 2025 16:50:14 GMT" skipped="0">
  <testcase classname="loginTests.TC_02_loginError" name="LoginTest_02" time="0.210"/>
</testsuite> <!-- loginTests.TC_02_loginError -->
