<?xml version="1.0" encoding="UTF-8"?>
<!-- Generated by org.testng.reporters.JUnitReportReporter -->
<testsuite ignored="0" hostname="Sebas" failures="0" tests="1" name="selenium.SeleniumHardAssert" time="1.604" errors="0" timestamp="08 feb. 2025 15:48:09 GMT" skipped="0">
  <testcase classname="selenium.SeleniumHardAssert" name="testhardassert" time="1.604"/>
</testsuite> <!-- selenium.SeleniumHardAssert -->
