<?xml version="1.0" encoding="UTF-8"?>
<!-- Generated by org.testng.reporters.JUnitReportReporter -->
<testsuite ignored="0" hostname="Sebas" failures="0" tests="1" name="InventoryTests.TC_03_VerifyRemoveButton" time="0.343" errors="0" timestamp="15 feb. 2025 16:50:14 GMT" skipped="0">
  <testcase classname="InventoryTests.TC_03_VerifyRemoveButton" name="InventoryTest_03" time="0.343"/>
</testsuite> <!-- InventoryTests.TC_03_VerifyRemoveButton -->
