<?xml version="1.0" encoding="UTF-8"?>
<!-- Generated by org.testng.reporters.JUnitReportReporter -->
<testsuite ignored="0" hostname="Sebas" failures="0" tests="1" name="loginTests.TC_01_login" time="0.214" errors="0" timestamp="05 mar. 2025 00:29:47 GMT" skipped="0">
  <testcase classname="loginTests.TC_01_login" name="LoginTest_01" time="0.214"/>
</testsuite> <!-- loginTests.TC_01_login -->
